<?xml version="1.0" encoding="UTF-8"?>
<testsuite xmlns:xsi="http://www.w3.org/2001/XMLSchema-instance" xsi:noNamespaceSchemaLocation="https://maven.apache.org/surefire/maven-surefire-plugin/xsd/surefire-test-report.xsd" version="3.0.2" name="com.jduncan.portfolio.PortfolioApplicationTests" time="4.223" tests="1" errors="0" skipped="0" failures="0">
  <properties>
[...]
</properties>
  <testcase name="contextLoads" classname="com.jduncan.portfolio.PortfolioApplicationTests" time="0.266">
    <system-out><![CDATA[04:01:26.485 [main] INFO org.springframework.test.context.support.AnnotationConfigContextLoaderUtils -- Could not detect default configuration classes for test class [com.jduncan.portfolio.PortfolioApplicationTests]: PortfolioApplicationTests does not declare any static, non-private, non-final, nested classes annotated with @Configuration.
04:01:26.570 [main] INFO org.springframework.boot.test.context.SpringBootTestContextBootstrapper -- Found @SpringBootConfiguration com.jduncan.portfolio.PortfolioApplication for test class com.jduncan.portfolio.PortfolioApplicationTests

  .   ____          _            __ _ _
 /\\ / ___'_ __ _ _(_)_ __  __ _ \ \ \ \
( ( )\___ | '_ | '_| | '_ \/ _` | \ \ \ \
 \\/  ___)| |_)| | | | | || (_| |  ) ) ) )
  '  |____| .__|_| |_|_| |_\__, | / / / /
 =========|_|==============|___/=/_/_/_/

 :: Spring Boot ::                (v3.5.4)

2025-08-06T04:01:26.858Z  INFO 290364 --- [portfolio] [           main] c.j.portfolio.PortfolioApplicationTests  : Starting PortfolioApplicationTests using Java 21.0.8 with PID 290364 (started by jduncan128 in /home/jduncan128/src/apps/portfolio_kotlin/backend)
2025-08-06T04:01:26.859Z  INFO 290364 --- [portfolio] [           main] c.j.portfolio.PortfolioApplicationTests  : The following 1 profile is active: "test"
2025-08-06T04:01:27.509Z  INFO 290364 --- [portfolio] [           main] .s.d.r.c.RepositoryConfigurationDelegate : Bootstrapping Spring Data JPA repositories in DEFAULT mode.
2025-08-06T04:01:27.559Z  INFO 290364 --- [portfolio] [           main] .s.d.r.c.RepositoryConfigurationDelegate : Finished Spring Data repository scanning in 41 ms. Found 6 JPA repository interfaces.
2025-08-06T04:01:27.883Z  INFO 290364 --- [portfolio] [           main] o.hibernate.jpa.internal.util.LogHelper  : HHH000204: Processing PersistenceUnitInfo [name: default]
2025-08-06T04:01:27.930Z  INFO 290364 --- [portfolio] [           main] org.hibernate.Version                    : HHH000412: Hibernate ORM core version 6.6.22.Final
2025-08-06T04:01:27.955Z  INFO 290364 --- [portfolio] [           main] o.h.c.internal.RegionFactoryInitiator    : HHH000026: Second-level cache disabled
2025-08-06T04:01:28.145Z  INFO 290364 --- [portfolio] [           main] o.s.o.j.p.SpringPersistenceUnitInfo      : No LoadTimeWeaver setup: ignoring JPA class transformer
2025-08-06T04:01:28.164Z  INFO 290364 --- [portfolio] [           main] com.zaxxer.hikari.HikariDataSource       : HikariPool-1 - Starting...
2025-08-06T04:01:28.278Z  INFO 290364 --- [portfolio] [           main] com.zaxxer.hikari.pool.HikariPool        : HikariPool-1 - Added connection conn0: url=jdbc:h2:mem:testdb user=SA
2025-08-06T04:01:28.279Z  INFO 290364 --- [portfolio] [           main] com.zaxxer.hikari.HikariDataSource       : HikariPool-1 - Start completed.
2025-08-06T04:01:28.317Z  INFO 290364 --- [portfolio] [           main] org.hibernate.orm.connections.pooling    : HHH10001005: Database info:
	Database JDBC URL [Connecting through datasource 'HikariDataSource (HikariPool-1)']
	Database driver: undefined/unknown
	Database version: 2.3.232
	Autocommit mode: undefined/unknown
	Isolation level: undefined/unknown
	Minimum pool size: undefined/unknown
	Maximum pool size: undefined/unknown
2025-08-06T04:01:28.852Z  INFO 290364 --- [portfolio] [           main] o.h.e.t.j.p.i.JtaPlatformInitiator       : HHH000489: No JTA platform available (set 'hibernate.transaction.jta.platform' to enable JTA platform integration)
Hibernate: drop table if exists blog_posts cascade 
Hibernate: drop table if exists projects cascade 
Hibernate: drop table if exists roles cascade 
Hibernate: drop table if exists technologies cascade 
Hibernate: drop table if exists testimonials cascade 
Hibernate: drop table if exists user_roles cascade 
Hibernate: drop table if exists users cascade 
Hibernate: create table blog_posts (is_published boolean not null, read_time_minutes integer, id bigint generated by default as identity, last_modified_date timestamp(6), published_date timestamp(6), author varchar(255), content TEXT, excerpt TEXT, featured_image_url varchar(255), meta_description TEXT, slug varchar(255) unique, tags varchar(255), title varchar(255), primary key (id))
Hibernate: create table projects (is_published boolean not null, id bigint generated by default as identity, last_modified_date timestamp(6), published_date timestamp(6), description varchar(255), github_link varchar(255), image varchar(255), link varchar(255), name varchar(255), role varchar(255), start_date varchar(255), technologies varchar(255), primary key (id))
Hibernate: create table roles (id bigint generated by default as identity, name varchar(255) not null unique, primary key (id))
Hibernate: create table technologies (is_published boolean not null, proficiency_level integer, years_of_experience float(53), id bigint generated by default as identity, last_modified_date timestamp(6), published_date timestamp(6), description varchar(255), icon_url varchar(255), name varchar(255), category enum ('AI_ML','BACKEND','BLOCKCHAIN','CLOUD','DATABASE','DEVOPS','EMBEDDED','FRAMEWORKS','FRONTEND','GAME_DEV','LANGUAGES','MOBILE','OTHER','SECURITY','TESTING','TOOLS'), primary key (id))
Hibernate: create table testimonials (is_published boolean not null, id bigint generated by default as identity, last_modified_date timestamp(6), testimonial_date timestamp(6), company varchar(255), content varchar(255), image_url varchar(255), name varchar(255), title varchar(255), primary key (id))
Hibernate: create table user_roles (role_id bigint not null, user_id bigint not null, primary key (role_id, user_id))
Hibernate: create table users (enabled boolean default true not null, created_at timestamp(6) not null, id bigint generated by default as identity, updated_at timestamp(6) not null, email varchar(255) not null unique, password varchar(255) not null, username varchar(255) not null, primary key (id))
Hibernate: alter table if exists user_roles add constraint FKh8ciramu9cc9q3qcqiv4ue8a6 foreign key (role_id) references roles
Hibernate: alter table if exists user_roles add constraint FKhfh9dx7w3ubf1co1vdev94g3f foreign key (user_id) references users
2025-08-06T04:01:28.897Z  INFO 290364 --- [portfolio] [           main] j.LocalContainerEntityManagerFactoryBean : Initialized JPA EntityManagerFactory for persistence unit 'default'
Hibernate: select r1_0.id,r1_0.name from roles r1_0 where r1_0.name=?
Hibernate: insert into roles (name,id) values (?,default)
Hibernate: select r1_0.id,r1_0.name from roles r1_0 where r1_0.name=?
Hibernate: insert into roles (name,id) values (?,default)
2025-08-06T04:01:29.695Z  WARN 290364 --- [portfolio] [           main] JpaBaseConfiguration$JpaWebConfiguration : spring.jpa.open-in-view is enabled by default. Therefore, database queries may be performed during view rendering. Explicitly configure spring.jpa.open-in-view to disable this warning
2025-08-06T04:01:29.870Z  INFO 290364 --- [portfolio] [           main] r$InitializeUserDetailsManagerConfigurer : Global AuthenticationManager configured with UserDetailsService bean with name userDetailsService
2025-08-06T04:01:30.250Z  INFO 290364 --- [portfolio] [           main] c.j.portfolio.PortfolioApplicationTests  : Started PortfolioApplicationTests in 3.585 seconds (process running for 4.298)
Hibernate: select u1_0.id,u1_0.created_at,u1_0.email,u1_0.enabled,u1_0.password,u1_0.updated_at,u1_0.username from users u1_0 where u1_0.username=?
Hibernate: insert into users (created_at,email,enabled,password,updated_at,username,id) values (?,?,?,?,?,?,default)
Hibernate: insert into user_roles (user_id,role_id) values (?,?)
Hibernate: insert into user_roles (user_id,role_id) values (?,?)
]]></system-out>
    <system-err><![CDATA[Mockito is currently self-attaching to enable the inline-mock-maker. This will no longer work in future releases of the JDK. Please add Mockito as an agent to your build as described in Mockito's documentation: https://javadoc.io/doc/org.mockito/mockito-core/latest/org.mockito/org/mockito/Mockito.html#0.3
WARNING: A Java agent has been loaded dynamically (/home/jduncan128/.m2/repository/net/bytebuddy/byte-buddy-agent/1.17.6/byte-buddy-agent-1.17.6.jar)
WARNING: If a serviceability tool is in use, please run with -XX:+EnableDynamicAgentLoading to hide this warning
WARNING: If a serviceability tool is not in use, please run with -Djdk.instrument.traceUsage for more information
WARNING: Dynamic loading of agents will be disallowed by default in a future release
]]></system-err>
  </testcase>
</testsuite>